<?xml version="1.0" encoding="UTF-8"?>
<testsuites>
  <testsuite name="Watches page" timestamp="2021-09-02T10:10:22" time="0.257" tests="4" failures="2" errors="2" skipped="0">
    <properties>
      <property name="specId" value="0"/>
      <property name="suiteName" value="Watches page"/>
      <property name="capabilities" value="firefox.91_0.windows"/>
      <property name="file" value=".\test\specs\watches.js"/>
    </properties>
    <testcase classname="firefox.91_0.windows.Watches_page" name="should verify the watch category list" time="0.051">
      <failure/>
      <error message="expected [] to deeply equal [ Array(6) ]      &#xA;      actual expected&#xA;      &#xA;      [ 'Jewelry &amp; Watches', 'Watches, Parts &amp; Accessories', 'Watches', 'Parts, Tools &amp; Guides', 'Watch Accessories', 'Watches Mixed Lots' ]&#xA;      "/>
      <system-out><![CDATA[
COMMAND: POST /session/837345116e02e4aec6aeef77c55b66f07dfa2cc1/window/maximize - {}
COMMAND: POST /session/837345116e02e4aec6aeef77c55b66f07dfa2cc1/elements - {"using":"css selector","value":"section[id=\"s0-16-13_2-0-1[0]-0-0\"] ul li"}
]]></system-out>
      <system-err><![CDATA[
AssertionError: expected [] to deeply equal [ Array(6) ]
    at Context.<anonymous> (D:\webdriver\WebDriverIOTutorials\test\specs\/watches.js:20:47)
    at Context.executeAsync (D:\webdriver\WebDriverIOTutorials\node_modules\@wdio\utils\build\shim.js:285:25)
    at Context.testFrameworkFnWrapper (D:\webdriver\WebDriverIOTutorials\node_modules\@wdio\utils\build\test-framework\testFnWrapper.js:45:32)
]]></system-err>
    </testcase>
    <testcase classname="firefox.91_0.windows.Watches_page" name="should show the banner conatiner" time="0.018">
      <system-out><![CDATA[
COMMAND: POST /session/837345116e02e4aec6aeef77c55b66f07dfa2cc1/window/maximize - {}
COMMAND: POST /session/837345116e02e4aec6aeef77c55b66f07dfa2cc1/elements - {"using":"css selector","value":".title-banner__right-image"}
]]></system-out>
    </testcase>
    <testcase classname="firefox.91_0.windows.Watches_page" name="should show the banner title" time="0.018">
      <system-out><![CDATA[
COMMAND: POST /session/837345116e02e4aec6aeef77c55b66f07dfa2cc1/window/maximize - {}
COMMAND: POST /session/837345116e02e4aec6aeef77c55b66f07dfa2cc1/element - {"using":"css selector","value":".title-banner__title"}
COMMAND: POST /session/837345116e02e4aec6aeef77c55b66f07dfa2cc1/element - {"using":"css selector","value":".title-banner__title"}
]]></system-out>
    </testcase>
    <testcase classname="firefox.91_0.windows.Watches_page" name="should conatin link on banner button and verify its clickable" time="0.02">
      <failure/>
      <error message="shopBtn is not defined"/>
      <system-out><![CDATA[
COMMAND: POST /session/837345116e02e4aec6aeef77c55b66f07dfa2cc1/window/maximize - {}
COMMAND: POST /session/837345116e02e4aec6aeef77c55b66f07dfa2cc1/element - {"using":"css selector","value":".hl-cta__default hl-cta__default-js hl-banner__cta ebayui-ellipsis"}
COMMAND: POST /session/837345116e02e4aec6aeef77c55b66f07dfa2cc1/element - {"using":"css selector","value":".hl-cta__default hl-cta__default-js hl-banner__cta ebayui-ellipsis"}
COMMAND: POST /session/837345116e02e4aec6aeef77c55b66f07dfa2cc1/url - {"url":"https://www.ebay.com/"}
RESULT: {"using":"css selector","value":"section[id=\"s0-16-13_2-0-1[0]-0-0\"] ul li"}
COMMAND: DELETE /session/837345116e02e4aec6aeef77c55b66f07dfa2cc1 - {}
RESULT: {}
]]></system-out>
      <system-err><![CDATA[
ReferenceError: shopBtn is not defined
    at Context.<anonymous> (D:\webdriver\WebDriverIOTutorials\test\specs\/watches.js:45:9)
    at Context.executeAsync (D:\webdriver\WebDriverIOTutorials\node_modules\@wdio\utils\build\shim.js:285:25)
    at Context.testFrameworkFnWrapper (D:\webdriver\WebDriverIOTutorials\node_modules\@wdio\utils\build\test-framework\testFnWrapper.js:45:32)
]]></system-err>
    </testcase>
  </testsuite>
</testsuites>